<?xml version="1.0" encoding="UTF-8"?>
<!-- Generated by org.testng.reporters.JUnitReportReporter -->
<testsuite skipped="0" hostname="PF0S8195" name="org_automation_mccormick_testcases.TC_001_ValidateLoginFunctionality" tests="2" failures="0" timestamp="11 Apr 2019 11:30:56 GMT" time="54.059" errors="0">
  <testcase name="tc_001_loginfunctinality" time="27.114" classname="org_automation_mccormick_testcases.TC_001_ValidateLoginFunctionality"/>
  <testcase name="tc_001_loginfunctinality" time="26.945" classname="org_automation_mccormick_testcases.TC_001_ValidateLoginFunctionality"/>
</testsuite> <!-- org_automation_mccormick_testcases.TC_001_ValidateLoginFunctionality -->
