<?xml version="1.0" encoding="UTF-8"?>
<!-- Generated by org.testng.reporters.JUnitReportReporter -->
<testsuite skipped="0" hostname="PF0S8195" name="org_automation_mccormick_testcases.TC_002_ValidateRegistrationFunctionality" tests="1" failures="0" timestamp="11 Apr 2019 11:30:56 GMT" time="36.325" errors="0">
  <testcase name="tc_002_registration" time="36.325" classname="org_automation_mccormick_testcases.TC_002_ValidateRegistrationFunctionality"/>
</testsuite> <!-- org_automation_mccormick_testcases.TC_002_ValidateRegistrationFunctionality -->
