<?xml version="1.0" encoding="UTF-8"?>
<!-- Generated by org.testng.reporters.JUnitReportReporter -->
<testsuite skipped="0" hostname="PF0S8195" name="org.automation.mccormick.testcases.TC_003_ValidateContactUsPageFunctionality" tests="1" failures="0" timestamp="07 Mar 2019 20:23:57 GMT" time="38.696" errors="0">
  <testcase name="tc_003_ContactUSPage" time="38.696" classname="org.automation.mccormick.testcases.TC_003_ValidateContactUsPageFunctionality"/>
</testsuite> <!-- org.automation.mccormick.testcases.TC_003_ValidateContactUsPageFunctionality -->
