<?xml version="1.0" encoding="UTF-8"?>
<!-- Generated by org.testng.reporters.JUnitReportReporter -->
<testsuite skipped="0" hostname="PF0S8195" name="org.automation.mccormick.testcases.TC_002_ValidateRegistrationFunctionality" tests="1" failures="0" timestamp="07 Mar 2019 20:23:57 GMT" time="36.922" errors="0">
  <testcase name="tc_002_registration" time="36.922" classname="org.automation.mccormick.testcases.TC_002_ValidateRegistrationFunctionality"/>
</testsuite> <!-- org.automation.mccormick.testcases.TC_002_ValidateRegistrationFunctionality -->
