<?xml version="1.0" encoding="UTF-8"?>
<!-- Generated by org.testng.reporters.JUnitReportReporter -->
<testsuite skipped="0" hostname="PF0S8195" name="org_automation_mccormick_testcases.TC_003_ValidateContactUsPageFunctionality" tests="1" failures="0" timestamp="11 Apr 2019 11:35:34 GMT" time="35.999" errors="0">
  <testcase name="tc_003_ContactUSPage" time="35.999" classname="org_automation_mccormick_testcases.TC_003_ValidateContactUsPageFunctionality"/>
</testsuite> <!-- org_automation_mccormick_testcases.TC_003_ValidateContactUsPageFunctionality -->
