<?xml version="1.0" encoding="UTF-8"?>
<!-- Generated by org.testng.reporters.JUnitReportReporter -->
<testsuite skipped="0" hostname="PF0S8195" name="org.automation.mccormick.testcases.TC_001_ValidateLoginFunctionality" tests="2" failures="0" timestamp="07 Mar 2019 20:23:57 GMT" time="59.237" errors="0">
  <testcase name="tc_001_loginfunctinality" time="28.366" classname="org.automation.mccormick.testcases.TC_001_ValidateLoginFunctionality"/>
  <testcase name="tc_001_loginfunctinality" time="30.871" classname="org.automation.mccormick.testcases.TC_001_ValidateLoginFunctionality"/>
</testsuite> <!-- org.automation.mccormick.testcases.TC_001_ValidateLoginFunctionality -->
